undefined
undefined
undefined
undefined
undefined
undefined
Tue Nov 06 2018 16:31:34 GMT+0700 (WIB) GET /
Tue Nov 06 2018 16:31:53 GMT+0700 (WIB) GET /about
Tue Nov 06 2018 16:33:42 GMT+0700 (WIB) GET /
Tue Nov 06 2018 16:46:56 GMT+0700 (WIB) GET /help.html
Tue Nov 06 2018 16:47:00 GMT+0700 (WIB) GET /
Tue Nov 06 2018 16:47:02 GMT+0700 (WIB) GET /about
Tue Nov 06 2018 16:47:04 GMT+0700 (WIB) GET /
Tue Nov 06 2018 16:49:09 GMT+0700 (WIB) GET /about
Tue Nov 06 2018 16:51:11 GMT+0700 (WIB) GET /
Tue Nov 06 2018 16:51:13 GMT+0700 (WIB) GET /about
Tue Nov 06 2018 16:51:15 GMT+0700 (WIB) GET /
Tue Nov 06 2018 16:51:58 GMT+0700 (WIB) GET /
Tue Nov 06 2018 16:52:00 GMT+0700 (WIB) GET /about
Tue Nov 06 2018 22:42:26 GMT+0700 (WIB) GET /
Tue Nov 06 2018 22:42:33 GMT+0700 (WIB) GET /about
Tue Nov 06 2018 22:42:34 GMT+0700 (WIB) GET /
Wed Nov 07 2018 10:29:40 GMT+0700 (WIB) GET /
Wed Nov 07 2018 10:29:41 GMT+0700 (WIB) GET /favicon.ico
Wed Nov 07 2018 10:29:46 GMT+0700 (WIB) GET /projects
Wed Nov 07 2018 10:30:01 GMT+0700 (WIB) GET /about
Wed Nov 07 2018 10:30:03 GMT+0700 (WIB) GET /
Wed Nov 07 2018 10:30:04 GMT+0700 (WIB) GET /projects
Wed Nov 07 2018 10:30:19 GMT+0700 (WIB) GET /projects
Wed Nov 07 2018 10:30:45 GMT+0700 (WIB) GET /projects
Wed Nov 07 2018 10:30:50 GMT+0700 (WIB) GET /projects
Wed Nov 07 2018 10:31:22 GMT+0700 (WIB) GET /projects
Wed Nov 07 2018 10:31:42 GMT+0700 (WIB) GET /projects
Wed Nov 07 2018 10:31:57 GMT+0700 (WIB) GET /projects
Wed Nov 07 2018 10:32:01 GMT+0700 (WIB) GET /about
Wed Nov 07 2018 10:32:02 GMT+0700 (WIB) GET /
Wed Nov 07 2018 10:32:03 GMT+0700 (WIB) GET /projects
